Log file open, 11/26/18 19:36:46
LogWindows: Failed to load 'aqProf.dll' (GetLastError=126)
LogWindows: File 'aqProf.dll' does not exist
LogWindows: Failed to load 'VSPerf140.dll' (GetLastError=126)
LogWindows: File 'VSPerf140.dll' does not exist
LogWindows: Failed to load 'VtuneApi.dll' (GetLastError=126)
LogWindows: File 'VtuneApi.dll' does not exist
LogWindows: Failed to load 'VtuneApi32e.dll' (GetLastError=126)
LogWindows: File 'VtuneApi32e.dll' does not exist
LogInit: Display: Running engine for game: Forklift_Simulator
LogPlatformFile: Not using cached read wrapper
LogTaskGraph: Started task graph with 5 named threads and 23 total threads with 3 sets of task threads.
LogStats: Stats thread started at 0.278955
LogD3D11RHI: Loaded GFSDK_Aftermath_Lib.x64.dll
LogICUInternationalization: Display: ICU TimeZone Detection - Raw Offset: -5:00, Platform Override: ''
LogPluginManager: Mounting plugin Paper2D
LogPluginManager: Mounting plugin AISupport
LogPluginManager: Mounting plugin LightPropagationVolume
LogPluginManager: Mounting plugin CLionSourceCodeAccess
LogPluginManager: Mounting plugin CodeLiteSourceCodeAccess
LogPluginManager: Mounting plugin GitSourceControl
LogPluginManager: Mounting plugin KDevelopSourceCodeAccess
LogPluginManager: Mounting plugin NullSourceCodeAccess
LogPluginManager: Mounting plugin PerforceSourceControl
LogPluginManager: Mounting plugin SubversionSourceControl
LogPluginManager: Mounting plugin UObjectPlugin
LogPluginManager: Mounting plugin VisualStudioCodeSourceCodeAccess
LogPluginManager: Mounting plugin VisualStudioSourceCodeAccess
LogPluginManager: Mounting plugin XCodeSourceCodeAccess
LogPluginManager: Mounting plugin AssetManagerEditor
LogPluginManager: Mounting plugin CryptoKeys
LogPluginManager: Mounting plugin DataValidation
LogPluginManager: Mounting plugin FacialAnimation
LogPluginManager: Mounting plugin GameplayTagsEditor
LogPluginManager: Mounting plugin MacGraphicsSwitching
LogPluginManager: Mounting plugin MeshEditor
LogPluginManager: Mounting plugin MobileLauncherProfileWizard
LogPluginManager: Mounting plugin PluginBrowser
LogPluginManager: Mounting plugin SpeedTreeImporter
LogPluginManager: Mounting plugin DatasmithContent
LogPluginManager: Mounting plugin AlembicImporter
LogPluginManager: Mounting plugin AppleImageUtils
LogPluginManager: Mounting plugin AppleVision
LogPluginManager: Mounting plugin BackChannel
LogPluginManager: Mounting plugin CharacterAI
LogPluginManager: Mounting plugin GeometryCache
LogPluginManager: Mounting plugin HTML5Networking
LogPluginManager: Mounting plugin ProxyLODPlugin
LogPluginManager: Mounting plugin MagicLeap
LogPluginManager: Mounting plugin MagicLeapEmulator
LogPluginManager: Mounting plugin MagicLeapMedia
LogPluginManager: Mounting plugin AndroidMedia
LogPluginManager: Mounting plugin AvfMedia
LogPluginManager: Mounting plugin ImgMedia
LogPluginManager: Mounting plugin LinearTimecode
LogPluginManager: Mounting plugin MediaCompositing
LogPluginManager: Mounting plugin MediaPlayerEditor
LogPluginManager: Mounting plugin WmfMedia
LogPluginManager: Mounting plugin TcpMessaging
LogPluginManager: Mounting plugin UdpMessaging
LogPluginManager: Mounting plugin ActorSequence
LogPluginManager: Mounting plugin LevelSequenceEditor
LogPluginManager: Mounting plugin MatineeToLevelSequence
LogPluginManager: Mounting plugin NetcodeUnitTest
LogPluginManager: Mounting plugin NUTUnrealEngine4
LogPluginManager: Mounting plugin OnlineSubsystemGooglePlay
LogPluginManager: Mounting plugin OnlineSubsystemIOS
LogPluginManager: Mounting plugin OnlineSubsystem
LogPluginManager: Mounting plugin OnlineSubsystemNull
LogPluginManager: Mounting plugin OnlineSubsystemUtils
LogPluginManager: Mounting plugin LauncherChunkInstaller
LogPluginManager: Mounting plugin AndroidDeviceProfileSelector
LogPluginManager: Mounting plugin AndroidMoviePlayer
LogPluginManager: Mounting plugin AndroidPermission
LogPluginManager: Mounting plugin AppleMoviePlayer
LogPluginManager: Mounting plugin ArchVisCharacter
LogPluginManager: Mounting plugin AudioCapture
LogPluginManager: Mounting plugin CableComponent
LogPluginManager: Mounting plugin CustomMeshComponent
LogPluginManager: Mounting plugin EditableMesh
LogPluginManager: Mounting plugin ExampleDeviceProfileSelector
LogPluginManager: Mounting plugin GoogleCloudMessaging
LogPluginManager: Mounting plugin ImmediatePhysics
LogPluginManager: Mounting plugin IOSDeviceProfileSelector
LogPluginManager: Mounting plugin LinuxDeviceProfileSelector
LogPluginManager: Mounting plugin LocationServicesBPLibrary
LogPluginManager: Mounting plugin MobilePatchingUtils
LogPluginManager: Mounting plugin OculusVR
LogPluginManager: Plugin shader directory ../../../Engine/Plugins/Runtime/Oculus/OculusVR/Shaders found
LogPluginManager: Mapping shader source directory ../../../Engine/Plugins/Runtime/Oculus/OculusVR/Shaders to virtual directory /Plugin/OculusVR
LogPluginManager: Mounting plugin PhysXVehicles
LogPluginManager: Mounting plugin ProceduralMeshComponent
LogPluginManager: Mounting plugin RuntimePhysXCooking
LogPluginManager: Mounting plugin SteamVR
LogPluginManager: Mounting plugin WindowsMoviePlayer
LogStreaming: Display: Took  0.111s to configure plugins.
LogInit: Using libcurl 7.55.1-DEV
LogInit:  - built for x86_64-pc-win32
LogInit:  - supports SSL with OpenSSL/1.0.2h
LogInit:  - supports HTTP deflate (compression) using libz 1.2.8
LogInit:  - other features:
LogInit:      CURL_VERSION_SSL
LogInit:      CURL_VERSION_LIBZ
LogInit:      CURL_VERSION_IPV6
LogInit:      CURL_VERSION_ASYNCHDNS
LogInit:      CURL_VERSION_LARGEFILE
LogInit:      CURL_VERSION_IDN
LogInit:  CurlRequestOptions (configurable via config and command line):
LogInit:  - bVerifyPeer = false  - Libcurl will NOT verify peer certificate
LogInit:  - bUseHttpProxy = false  - Libcurl will NOT use HTTP proxy
LogInit:  - bDontReuseConnections = false  - Libcurl will reuse connections
LogInit:  - CertBundlePath = nullptr  - Libcurl will use whatever was configured at build time.
LogInit:  - MaxHostConnections = 16  - Libcurl will limit the number of connections to a host
LogInit:  - LocalHostAddr = Default
LogInit:  - BufferSize = 65536
LogInit: WinSock: version 1.1 (2.2), MaxSocks=32767, MaxUdp=65467
LogHMD: Failed initializing OVRPlugin 1.25.0
LogInit: Build: ++UE4+Release-4.20-CL-4369336
LogInit: Engine Version: 4.20.3-4369336+++UE4+Release-4.20
LogInit: Compatible Engine Version: 4.20.0-4212847+++UE4+Release-4.20
LogInit: Net CL: 4212847
LogInit: OS: Windows 10 (), CPU: Intel(R) Core(TM) i7-7700 CPU @ 3.60GHz, GPU: NVIDIA GeForce GTX 1070
LogInit: Compiled (64-bit): Sep 17 2018 12:26:19
LogInit: Compiled with Visual C++: 19.13.26129.00
LogInit: Build Configuration: Development
LogInit: Branch Name: ++UE4+Release-4.20
LogInit: Command Line:  
LogInit: Base Directory: D:/Programs/Epic/Epic Games/UE_4.20/Engine/Binaries/Win64/
LogInit: Installed Engine Build: 1
LogDevObjectVersion: Number of dev versions registered: 20
LogDevObjectVersion:   Dev-Blueprints (B0D832E4-1F89-4F0D-ACCF-7EB736FD4AA2): 10
LogDevObjectVersion:   Dev-Build (E1C64328-A22C-4D53-A36C-8E866417BD8C): 0
LogDevObjectVersion:   Dev-Core (375EC13C-06E4-48FB-B500-84F0262A717E): 2
LogDevObjectVersion:   Dev-Editor (E4B068ED-F494-42E9-A231-DA0B2E46BB41): 24
LogDevObjectVersion:   Dev-Framework (CFFC743F-43B0-4480-9391-14DF171D2073): 34
LogDevObjectVersion:   Dev-Mobile (B02B49B5-BB20-44E9-A304-32B752E40360): 2
LogDevObjectVersion:   Dev-Networking (A4E4105C-59A1-49B5-A7C5-40C4547EDFEE): 0
LogDevObjectVersion:   Dev-Online (39C831C9-5AE6-47DC-9A44-9C173E1C8E7C): 0
LogDevObjectVersion:   Dev-Physics (78F01B33-EBEA-4F98-B9B4-84EACCB95AA2): 0
LogDevObjectVersion:   Dev-Platform (6631380F-2D4D-43E0-8009-CF276956A95A): 0
LogDevObjectVersion:   Dev-Rendering (12F88B9F-8875-4AFC-A67C-D90C383ABD29): 26
LogDevObjectVersion:   Dev-Sequencer (7B5AE74C-D270-4C10-A958-57980B212A5A): 9
LogDevObjectVersion:   Dev-VR (D7296918-1DD6-4BDD-9DE2-64A83CC13884): 2
LogDevObjectVersion:   Dev-LoadTimes (C2A15278-BFE7-4AFE-6C17-90FF531DF755): 1
LogDevObjectVersion:   Private-Geometry (6EACA3D4-40EC-4CC1-B786-8BED09428FC5): 3
LogDevObjectVersion:   Dev-AnimPhys (29E575DD-E0A3-4627-9D10-D276232CDCEA): 17
LogDevObjectVersion:   Dev-ReflectionCapture (6B266CEC-1EC7-4B8F-A30B-E4D90942FC07): 1
LogDevObjectVersion:   Dev-Automation (0DF73D61-A23F-47EA-B727-89E90C41499A): 1
LogDevObjectVersion:   FortniteMain (601D1886-AC64-4F84-AA16-D3DE0DEAC7D6): 12
LogDevObjectVersion:   Dev-Enterprise (9DFFBCD6-494F-0158-E221-12823C92A888): 1
LogStreaming: Display: Took  0.000s to delete old logs.
LogInit: Presizing for max 8388607 objects, including 0 objects not considered by GC, pre-allocating 0 bytes for permanent pool.
LogInit: Object subsystem initialized
[2018.11.27-00.36.47:627][  0]LogInit: Selected Device Profile: [Windows]
[2018.11.27-00.36.47:627][  0]LogInit: Applying CVar settings loaded from the selected device profile: [Windows]
[2018.11.27-00.36.47:635][  0]LogHAL: Display: Platform has ~ 16 GB [17141477376 / 17179869184 / 16], which maps to Larger [LargestMinGB=32, LargerMinGB=12, DefaultMinGB=8, SmallerMinGB=6, SmallestMinGB=0)
[2018.11.27-00.36.47:635][  0]LogInit: Setting Device Profile CVar: [[r.Vulkan.UseRealUBs:1]]
[2018.11.27-00.36.47:635][  0]LogInit: Going up to parent DeviceProfile []
[2018.11.27-00.36.47:635][  0]LogInit: Computer: ELIZABETHS-PC
[2018.11.27-00.36.47:635][  0]LogInit: User: Elizabeth
[2018.11.27-00.36.47:635][  0]LogInit: CPU Page size=4096, Cores=4
[2018.11.27-00.36.47:635][  0]LogInit: High frequency timer resolution =3.515623 MHz
[2018.11.27-00.36.47:635][  0]LogMemory: Memory total: Physical=16.0GB (16GB approx)
[2018.11.27-00.36.47:635][  0]LogMemory: Platform Memory Stats for Windows
[2018.11.27-00.36.47:635][  0]LogMemory: Process Physical Memory: 103.26 MB used, 103.26 MB peak
[2018.11.27-00.36.47:635][  0]LogMemory: Process Virtual Memory: 97.02 MB used, 97.02 MB peak
[2018.11.27-00.36.47:635][  0]LogMemory: Physical Memory: 6584.46 MB used,  9762.93 MB free, 16347.39 MB total
[2018.11.27-00.36.47:635][  0]LogMemory: Virtual Memory: 4643.12 MB used,  9762.93 MB free, 134217728.00 MB total
[2018.11.27-00.36.47:655][  0]LogInit: Using OS detected language (en-US).
[2018.11.27-00.36.47:655][  0]LogInit: Using OS detected locale (en-US).
[2018.11.27-00.36.47:656][  0]LogTextLocalizationManager: No specific localization for 'en-US' exists, so the 'en' localization will be used.
[2018.11.27-00.36.47:958][  0]LogStreaming: Display: Took  0.303s to InitEngineTextLocalization.
[2018.11.27-00.36.47:958][  0]LogInit: Setting process to per monitor DPI aware
[2018.11.27-00.36.48:025][  0]LogSlate: New Slate User Created.  User Index 0, Is Virtual User: 0
[2018.11.27-00.36.48:025][  0]LogSlate: Slate User Registered.  User Index 0, Is Virtual User: 0
[2018.11.27-00.36.48:243][  0]LogHMD: Failed to initialize OpenVR with code 110
[2018.11.27-00.36.48:243][  0]LogD3D11RHI: D3D11 adapters:
[2018.11.27-00.36.48:304][  0]LogD3D11RHI:    0. 'NVIDIA GeForce GTX 1070' (Feature Level 11_0)
[2018.11.27-00.36.48:304][  0]LogD3D11RHI:       8088/0/8173 MB DedicatedVideo/DedicatedSystem/SharedSystem, Outputs:2, VendorId:0x10de
[2018.11.27-00.36.48:306][  0]LogD3D11RHI:    1. 'Microsoft Basic Render Driver' (Feature Level 11_0)
[2018.11.27-00.36.48:306][  0]LogD3D11RHI:       0/0/8173 MB DedicatedVideo/DedicatedSystem/SharedSystem, Outputs:0, VendorId:0x1414
[2018.11.27-00.36.48:306][  0]LogD3D11RHI: Chosen D3D11 Adapter: 0
[2018.11.27-00.36.48:313][  0]LogD3D11RHI: Creating new Direct3DDevice
[2018.11.27-00.36.48:313][  0]LogD3D11RHI:     GPU DeviceId: 0x1b81 (for the marketing name, search the web for "GPU Device Id")
[2018.11.27-00.36.48:314][  0]LogWindows: EnumDisplayDevices:
[2018.11.27-00.36.48:314][  0]LogWindows:    0. 'NVIDIA GeForce GTX 1070' (P:0 D:1)
[2018.11.27-00.36.48:314][  0]LogWindows:    1. 'NVIDIA GeForce GTX 1070' (P:1 D:1)
[2018.11.27-00.36.48:314][  0]LogWindows:    2. 'NVIDIA GeForce GTX 1070' (P:0 D:0)
[2018.11.27-00.36.48:314][  0]LogWindows:    3. 'NVIDIA GeForce GTX 1070' (P:0 D:0)
[2018.11.27-00.36.48:315][  0]LogWindows: DebugString: FoundDriverCount:4 
[2018.11.27-00.36.48:315][  0]LogD3D11RHI:     Adapter Name: NVIDIA GeForce GTX 1070
[2018.11.27-00.36.48:315][  0]LogD3D11RHI:   Driver Version: 416.94 (internal:25.21.14.1694, unified:416.94)
[2018.11.27-00.36.48:315][  0]LogD3D11RHI:      Driver Date: 11-12-2018
[2018.11.27-00.36.48:315][  0]LogRHI: Texture pool is 5661 MB (70% of 8088 MB)
[2018.11.27-00.36.48:353][  0]LogD3D11RHI: Async texture creation enabled
[2018.11.27-00.36.48:371][  0]LogD3D11RHI: GPU Timing Frequency: 1000.000000 (Debug: 2 2)
[2018.11.27-00.36.48:420][  0]LogShaderCompilers: Guid format shader working directory is -106 characters bigger than the processId version (../../../../../../../School/ferris/Capstone/UnrealFiles/ForkliftSimulatorGame/ForkliftSimulator_Project_updated/ForkliftSimulator_Project/Forklift_Simulator/Intermediate/Shaders/WorkingDirectory/1792/).
[2018.11.27-00.36.48:420][  0]LogShaderCompilers: Cleaned the shader compiler working directory 'C:/Users/Elizabeth/AppData/Local/Temp/UnrealShaderWorkingDir/445B249C47B37D0A82D8C0B4127DB578/'.
[2018.11.27-00.36.48:711][  0]LogTemp: Display: Loaded TP AllDesktopTargetPlatform
[2018.11.27-00.36.48:722][  0]LogTemp: Display: Loaded TP MacClientTargetPlatform
[2018.11.27-00.36.48:733][  0]LogTemp: Display: Loaded TP MacNoEditorTargetPlatform
[2018.11.27-00.36.48:745][  0]LogTemp: Display: Loaded TP MacServerTargetPlatform
[2018.11.27-00.36.48:756][  0]LogTemp: Display: Loaded TP MacTargetPlatform
[2018.11.27-00.36.48:767][  0]LogTemp: Display: Loaded TP WindowsClientTargetPlatform
[2018.11.27-00.36.48:778][  0]LogTemp: Display: Loaded TP WindowsNoEditorTargetPlatform
[2018.11.27-00.36.48:790][  0]LogTemp: Display: Loaded TP WindowsServerTargetPlatform
[2018.11.27-00.36.48:795][  0]LogTemp: Display: Loaded TP WindowsTargetPlatform
[2018.11.27-00.36.48:860][  0]LogTemp: Display: Loaded TP AndroidTargetPlatform
[2018.11.27-00.36.48:860][  0]LogTemp: Display: Loaded TP AndroidTargetPlatform
[2018.11.27-00.36.48:860][  0]LogTemp: Display: Loaded TP AndroidTargetPlatform
[2018.11.27-00.36.48:860][  0]LogTemp: Display: Loaded TP AndroidTargetPlatform
[2018.11.27-00.36.48:860][  0]LogTemp: Display: Loaded TP AndroidTargetPlatform
[2018.11.27-00.36.48:860][  0]LogTemp: Display: Loaded TP AndroidTargetPlatform
[2018.11.27-00.36.48:860][  0]LogTemp: Display: Loaded TP AndroidTargetPlatform
[2018.11.27-00.36.48:860][  0]LogTemp: Display: Loaded TP AndroidTargetPlatform
[2018.11.27-00.36.48:860][  0]LogTemp: Display: Loaded TP AndroidTargetPlatform
[2018.11.27-00.36.48:860][  0]LogTemp: Display: Loaded TP AndroidTargetPlatform
[2018.11.27-00.36.48:860][  0]LogTemp: Display: Loaded TP AndroidTargetPlatform
[2018.11.27-00.36.48:860][  0]LogTemp: Display: Loaded TP AndroidTargetPlatform
[2018.11.27-00.36.48:860][  0]LogTemp: Display: Loaded TP AndroidTargetPlatform
[2018.11.27-00.36.48:860][  0]LogTemp: Display: Loaded TP AndroidTargetPlatform
[2018.11.27-00.36.48:860][  0]LogTemp: Display: Loaded TP AndroidTargetPlatform
[2018.11.27-00.36.48:860][  0]LogTemp: Display: Loaded TP AndroidTargetPlatform
[2018.11.27-00.36.48:860][  0]LogTemp: Display: Loaded TP AndroidTargetPlatform
[2018.11.27-00.36.48:860][  0]LogTemp: Display: Loaded TP AndroidTargetPlatform
[2018.11.27-00.36.48:861][  0]LogTemp: Display: Loaded TP HTML5TargetPlatform
[2018.11.27-00.36.48:917][  0]LogTemp: Display: Loaded TP IOSTargetPlatform
[2018.11.27-00.36.48:917][  0]LogTemp: Display: Loaded TP IOSTargetPlatform
[2018.11.27-00.36.48:938][  0]LogTemp: Display: Loaded TP TVOSTargetPlatform
[2018.11.27-00.36.48:938][  0]LogTemp: Display: Loaded TP TVOSTargetPlatform
[2018.11.27-00.36.48:949][  0]LogTemp: Display: Loaded TP LinuxClientTargetPlatform
[2018.11.27-00.36.48:959][  0]LogTemp: Display: Loaded TP LinuxNoEditorTargetPlatform
[2018.11.27-00.36.48:970][  0]LogTemp: Display: Loaded TP LinuxServerTargetPlatform
[2018.11.27-00.36.48:981][  0]LogTemp: Display: Loaded TP LinuxTargetPlatform
[2018.11.27-00.36.48:989][  0]LogTemp: Display: Loaded TP LuminTargetPlatform
[2018.11.27-00.36.48:989][  0]LogTargetPlatformManager: Display: Building Assets For Windows
[2018.11.27-00.36.49:036][  0]LogXGEController: Cleaning working directory: C:/Users/Elizabeth/AppData/Local/Temp/UnrealXGEWorkingDir/
[2018.11.27-00.36.49:036][  0]LogXGEController: Cannot use XGE Controller as Incredibuild is not installed on this machine.
[2018.11.27-00.36.49:036][  0]LogShaderCompilers: Cannot use XGE Shader Compiler as Incredibuild is not installed on this machine.
[2018.11.27-00.36.49:036][  0]LogShaderCompilers: Display: Using Local Shader Compiler.
[2018.11.27-00.36.49:627][  0]LogDerivedDataCache: Display: Max Cache Size: 512 MB
[2018.11.27-00.36.49:676][  0]LogDerivedDataCache: Loaded boot cache 0.05s 71MB C:/Users/Elizabeth/AppData/Local/UnrealEngine/4.20/DerivedDataCache/Boot.ddc.
[2018.11.27-00.36.49:676][  0]LogDerivedDataCache: Display: Loaded Boot cache: C:/Users/Elizabeth/AppData/Local/UnrealEngine/4.20/DerivedDataCache/Boot.ddc
[2018.11.27-00.36.49:676][  0]LogDerivedDataCache: FDerivedDataBackendGraph:  Pak pak cache file ../../../../../../../School/ferris/Capstone/UnrealFiles/ForkliftSimulatorGame/ForkliftSimulator_Project_updated/ForkliftSimulator_Project/Forklift_Simulator/DerivedDataCache/DDC.ddp not found, will not use a pak cache.
[2018.11.27-00.36.49:676][  0]LogDerivedDataCache: Unable to find inner node Pak for hierarchical cache Hierarchy.
[2018.11.27-00.36.49:676][  0]LogDerivedDataCache: FDerivedDataBackendGraph:  CompressedPak pak cache file ../../../../../../../School/ferris/Capstone/UnrealFiles/ForkliftSimulatorGame/ForkliftSimulator_Project_updated/ForkliftSimulator_Project/Forklift_Simulator/DerivedDataCache/Compressed.ddp not found, will not use a pak cache.
[2018.11.27-00.36.49:676][  0]LogDerivedDataCache: Unable to find inner node CompressedPak for hierarchical cache Hierarchy.
[2018.11.27-00.36.49:688][  0]LogDerivedDataCache: Display: Pak cache opened for reading ../../../Engine/DerivedDataCache/Compressed.ddp.
[2018.11.27-00.36.49:700][  0]LogDerivedDataCache: Using Local data cache path C:/Users/Elizabeth/AppData/Local/UnrealEngine/Common/DerivedDataCache: Writable
[2018.11.27-00.36.49:700][  0]LogDerivedDataCache: Shared data cache path not found in *engine.ini, will not use an Shared cache.
[2018.11.27-00.36.49:700][  0]LogDerivedDataCache: Unable to find inner node Shared for hierarchical cache Hierarchy.
[2018.11.27-00.36.49:716][  0]LogMaterial: Verifying Global Shaders for PCD3D_SM5
[2018.11.27-00.36.49:717][  0]LogSlate: Using FreeType 2.6.0
[2018.11.27-00.36.49:718][  0]LogSlate: SlateFontServices - WITH_FREETYPE: 1, WITH_HARFBUZZ: 1
[2018.11.27-00.36.49:793][  0]LogAssetRegistry: FAssetRegistry took 0.0253 seconds to start up
[2018.11.27-00.36.50:055][  0]LogInit: Selected Device Profile: [Windows]
[2018.11.27-00.36.50:168][  0]LogSimplygon: Simplygon DLL not present - disabling.
[2018.11.27-00.36.50:171][  0]LogMeshReduction: Using SimplygonSwarm for distributed automatic mesh merging
[2018.11.27-00.36.50:171][  0]LogMeshReduction: Using ProxyLODMeshReduction for automatic mesh merging
[2018.11.27-00.36.50:171][  0]LogMeshReduction: Using QuadricMeshReduction for automatic static mesh reduction
[2018.11.27-00.36.50:171][  0]LogMeshReduction: No automatic skeletal mesh reduction module available
[2018.11.27-00.36.50:191][  0]LogNetVersion: Forklift_Simulator 1.0.0, NetCL: 4212847, EngineNetVer: 5, GameNetVer: 0 (Checksum: 1714196023)
[2018.11.27-00.36.50:618][  0]LogPackageLocalizationCache: Processed 11 localized package path(s) for 2 prioritized culture(s) in 0.084678 seconds
[2018.11.27-00.36.50:624][  0]LogUObjectArray: 38425 objects as part of root set at end of initial load.
[2018.11.27-00.36.50:624][  0]LogUObjectAllocator: 6690872 out of 0 bytes used by permanent object pool.
[2018.11.27-00.36.50:625][  0]LogUObjectArray: CloseDisregardForGC: 0/0 objects in disregard for GC pool
[2018.11.27-00.36.51:449][  0]LogTcpMessaging: Initializing TcpMessaging bridge
[2018.11.27-00.36.51:462][  0]LogUdpMessaging: Initializing bridge on interface 0.0.0.0:0 to multicast group 230.0.0.1:6666.
[2018.11.27-00.36.51:595][  0]SourceControl: Source control is disabled
[2018.11.27-00.36.51:595][  0]SourceControl: Source control is disabled
[2018.11.27-00.36.51:596][  0]SourceControl: Source control is disabled
[2018.11.27-00.36.51:597][  0]SourceControl: Source control is disabled
[2018.11.27-00.36.51:752][  0]LogAndroidPermission: UAndroidPermissionCallbackProxy::GetInstance
[2018.11.27-00.36.51:832][  0]LogOcInput: OculusInput pre-init called
[2018.11.27-00.36.51:885][  0]LogEngine: Initializing Engine...
[2018.11.27-00.36.51:886][  0]LogHMD: Failed to initialize OpenVR with code 110
[2018.11.27-00.36.51:887][  0]LogStats: UGameplayTagsManager::ConstructGameplayTagTree: ImportINI prefixes -  0.000 s
[2018.11.27-00.36.51:887][  0]LogStats: UGameplayTagsManager::ConstructGameplayTagTree: Construct from data asset -  0.000 s
[2018.11.27-00.36.51:887][  0]LogStats: UGameplayTagsManager::ConstructGameplayTagTree: ImportINI -  0.000 s
[2018.11.27-00.36.51:887][  0]LogStats: UGameplayTagsManager::ConstructGameplayTagTree: GameplayTagTreeChangedEvent.Broadcast -  0.000 s
[2018.11.27-00.36.52:057][  0]LogInit: Initializing FReadOnlyCVARCache
[2018.11.27-00.36.52:070][  0]LogAIModule: Creating AISystem for world Untitled
[2018.11.27-00.36.52:094][  0]LogInit: XAudio2 using 'Speakers (Realtek High Definition Audio)' : 2 channels at 48 kHz using 32 bits per sample (channel mask 0x3)
[2018.11.27-00.36.52:131][  0]LogInit: FAudioDevice initialized.
[2018.11.27-00.36.52:131][  0]LogNetVersion: Set ProjectVersion to 1.0.0.0. Version Checksum will be recalculated on next use.
[2018.11.27-00.36.52:200][  0]LogDerivedDataCache: Saved boot cache 0.07s 71MB C:/Users/Elizabeth/AppData/Local/UnrealEngine/4.20/DerivedDataCache/Boot.ddc.
[2018.11.27-00.36.52:210][  0]LogInit: Texture streaming: Enabled
[2018.11.27-00.36.52:226][  0]LogEngineSessionManager: EngineSessionManager initialized
[2018.11.27-00.36.52:237][  0]LogInit: Transaction tracking system initialized
[2018.11.27-00.36.52:257][  0]BlueprintLog: New page: Editor Load
[2018.11.27-00.36.52:320][  0]LocalizationService: Localization service is disabled
[2018.11.27-00.36.52:557][  0]LogCook: Display: Max memory allowance for cook 16384mb min free memory 0mb
[2018.11.27-00.36.52:557][  0]LogCook: Display: Mobile HDR setting 1
[2018.11.27-00.36.52:557][  0]LogGameplayTags: Display: UGameplayTagsManager::DoneAddingNativeTags. DelegateIsBound: 0
[2018.11.27-00.36.52:557][  0]LogStats: UGameplayTagsManager::ConstructGameplayTagTree: ImportINI prefixes -  0.000 s
[2018.11.27-00.36.52:557][  0]LogStats: UGameplayTagsManager::ConstructGameplayTagTree: Construct from data asset -  0.000 s
[2018.11.27-00.36.52:557][  0]LogStats: UGameplayTagsManager::ConstructGameplayTagTree: ImportINI -  0.000 s
[2018.11.27-00.36.52:557][  0]LogStats: UGameplayTagsManager::ConstructGameplayTagTree: GameplayTagTreeChangedEvent.Broadcast -  0.000 s
[2018.11.27-00.36.52:664][  0]LogFileCache: Scanning file cache for directory 'D:/School/ferris/Capstone/UnrealFiles/ForkliftSimulatorGame/ForkliftSimulator_Project_updated/ForkliftSimulator_Project/Forklift_Simulator/Content/' took 0.02s
[2018.11.27-00.36.52:664][  0]SourceControl: Source control is disabled
[2018.11.27-00.36.52:664][  0]LightingResults: New page: Lighting Build
[2018.11.27-00.36.52:667][  0]MapCheck: New page: Map Check
[2018.11.27-00.36.52:667][  0]LightingResults: New page: Lighting Build
[2018.11.27-00.36.53:724][  0]LogAIModule: Creating AISystem for world FirstPersonExampleMap
[2018.11.27-00.36.53:745][  0]LogEditorServer: Finished looking for orphan Actors (0.000 secs)
[2018.11.27-00.36.53:768][  0]Cmd: MAP CHECKDEP NOCLEARLOG
[2018.11.27-00.36.53:850][  0]MapCheck: Map check complete: 0 Error(s), 0 Warning(s), took 81.119ms to complete.
[2018.11.27-00.36.53:850][  0]LogFileHelpers: Loading map 'FirstPersonExampleMap' took 1.186
[2018.11.27-00.36.53:972][  0]LogSlate: Updating window title bar state: overlay mode, drag disabled, window buttons hidden, title bar hidden
[2018.11.27-00.36.53:979][  0]LogSlate: Updating window title bar state: overlay mode, drag disabled, window buttons hidden, title bar hidden
[2018.11.27-00.36.53:986][  0]LogSlate: Updating window title bar state: overlay mode, drag disabled, window buttons hidden, title bar hidden
[2018.11.27-00.36.53:992][  0]LogSlate: Updating window title bar state: overlay mode, drag disabled, window buttons hidden, title bar hidden
[2018.11.27-00.36.53:998][  0]LogCollectionManager: Loaded 0 collections in 0.001359 seconds
[2018.11.27-00.36.54:045][  0]LogFileCache: Scanning file cache for directory 'D:/School/ferris/Capstone/UnrealFiles/ForkliftSimulatorGame/ForkliftSimulator_Project_updated/ForkliftSimulator_Project/Forklift_Simulator/Saved/Collections/' took 0.01s
[2018.11.27-00.36.54:045][  0]LogFileCache: Scanning file cache for directory 'D:/School/ferris/Capstone/UnrealFiles/ForkliftSimulatorGame/ForkliftSimulator_Project_updated/ForkliftSimulator_Project/Forklift_Simulator/Content/Developers/Elizabeth/Collections/' took 0.01s
[2018.11.27-00.36.54:045][  0]LogFileCache: Scanning file cache for directory 'D:/School/ferris/Capstone/UnrealFiles/ForkliftSimulatorGame/ForkliftSimulator_Project_updated/ForkliftSimulator_Project/Forklift_Simulator/Content/Collections/' took 0.01s
[2018.11.27-00.36.54:045][  0]LogCollectionManager: Rebuilt the GUID cache for 0 collections in 0.000000 seconds
[2018.11.27-00.36.54:053][  0]LogContentBrowser: Native class hierarchy populated in 0.0075 seconds. Added 2572 classes and 603 folders.
[2018.11.27-00.36.54:058][  0]LogContentBrowser: Native class hierarchy updated for 'WidgetCarousel' in 0.0002 seconds. Added 0 classes and 0 folders.
[2018.11.27-00.36.54:118][  0]LogContentBrowser: Native class hierarchy updated for 'AddContentDialog' in 0.0002 seconds. Added 0 classes and 0 folders.
[2018.11.27-00.36.54:123][  0]LogContentBrowser: Native class hierarchy updated for 'SceneOutliner' in 0.0003 seconds. Added 1 classes and 2 folders.
[2018.11.27-00.36.54:137][  0]LogSlate: Took 0.000264 seconds to synchronously load lazily loaded font '../../../Engine/Content/Slate/Fonts/Roboto-Regular.ttf' (155K)
[2018.11.27-00.36.54:139][  0]LogSlate: Took 0.000233 seconds to synchronously load lazily loaded font '../../../Engine/Content/Slate/Fonts/Roboto-Bold.ttf' (160K)
[2018.11.27-00.36.54:143][  0]LogSlate: Took 0.000292 seconds to synchronously load lazily loaded font '../../../Engine/Content/Editor/Slate/Fonts/FontAwesome.ttf' (139K)
[2018.11.27-00.36.54:214][  0]LogRenderer: Reallocating scene render targets to support 1180x608 Format 10 NumSamples 1 (Frame:1).
[2018.11.27-00.36.54:325][  0]LogContentBrowser: Native class hierarchy updated for 'HierarchicalLODOutliner' in 0.0004 seconds. Added 0 classes and 0 folders.
[2018.11.27-00.36.54:325][  0]LogLoad: (Engine Initialization) Total time: 9.16 seconds
[2018.11.27-00.36.54:325][  0]LogLoad: (Engine Initialization) Total Blueprint compile time: 0.00 seconds
[2018.11.27-00.36.54:335][  0]LogWindowsTextInputMethodSystem: Display: IME system now deactivated.
[2018.11.27-00.36.54:369][  0]LogContentStreaming: Texture pool size now 1000 MB
[2018.11.27-00.36.54:455][  0]LogRenderer: Reallocating scene render targets to support 1180x624 Format 10 NumSamples 1 (Frame:5).
[2018.11.27-00.36.54:455][  0]LogSlate: Took 0.000211 seconds to synchronously load lazily loaded font '../../../Engine/Content/Slate/Fonts/Roboto-Light.ttf' (167K)
[2018.11.27-00.36.54:462][  1]LogFileCache: Retrieving MD5 hashes for directory 'D:/School/ferris/Capstone/UnrealFiles/ForkliftSimulatorGame/ForkliftSimulator_Project_updated/ForkliftSimulator_Project/Forklift_Simulator/Content/' took 0.11s
[2018.11.27-00.36.54:478][  1]LogAssetRegistry: Asset discovery search completed in 4.7075 seconds
[2018.11.27-00.36.54:479][  1]LogCollectionManager: Rebuilt the object cache for 0 collections in 0.000000 seconds (found 0 objects)
[2018.11.27-00.36.54:479][  1]LogCollectionManager: Fixed up redirectors for 0 collections in 0.000040 seconds (updated 0 objects)
[2018.11.27-00.36.55:356][ 98]LogSlate: Took 0.000249 seconds to synchronously load lazily loaded font '../../../Engine/Content/Slate/Fonts/Roboto-Light.ttf' (167K)
[2018.11.27-00.37.37:874][185]LogEditorViewport: Clicking on Actor (LMB): ForkliftBP02_C (ForkliftBP02)
[2018.11.27-00.37.38:882][299]LogSlate: Took 0.000231 seconds to synchronously load lazily loaded font '../../../Engine/Content/Slate/Fonts/Roboto-Italic.ttf' (157K)
[2018.11.27-00.37.39:470][369]LogSlate: FSceneViewport::OnFocusLost() reason 0
[2018.11.27-00.37.42:590][739]LogTemp: Repeating last play command: Selected Viewport
[2018.11.27-00.37.42:602][739]LogBlueprintUserMessages: Early PlayInEditor Detection: Level '/Game/FirstPersonBP/Maps/FirstPersonExampleMap.FirstPersonExampleMap:PersistentLevel' has LevelScriptBlueprint '/Game/FirstPersonBP/Maps/FirstPersonExampleMap.FirstPersonExampleMap:PersistentLevel.FirstPersonExampleMap' with GeneratedClass '/Game/FirstPersonBP/Maps/FirstPersonExampleMap.FirstPersonExampleMap_C' with ClassGeneratedBy '/Game/FirstPersonBP/Maps/FirstPersonExampleMap.FirstPersonExampleMap:PersistentLevel.FirstPersonExampleMap'
[2018.11.27-00.37.42:602][739]LogPlayLevel: PlayLevel: No blueprints needed recompiling
[2018.11.27-00.37.42:614][739]PIE: New page: PIE session: FirstPersonExampleMap (Nov 26, 2018, 2:37:42 PM)
[2018.11.27-00.37.42:614][739]LogPlayLevel: Creating play world package: /Game/FirstPersonBP/Maps/UEDPIE_0_FirstPersonExampleMap
[2018.11.27-00.37.42:635][739]LogPlayLevel: PIE: StaticDuplicateObject took: (0.020947s)
[2018.11.27-00.37.42:636][739]LogAIModule: Creating AISystem for world FirstPersonExampleMap
[2018.11.27-00.37.42:636][739]LogPlayLevel: PIE: World Init took: (0.000792s)
[2018.11.27-00.37.42:636][739]LogPlayLevel: PIE: Created PIE world by copying editor world from /Game/FirstPersonBP/Maps/FirstPersonExampleMap.FirstPersonExampleMap to /Game/FirstPersonBP/Maps/UEDPIE_0_FirstPersonExampleMap.FirstPersonExampleMap (0.021924s)
[2018.11.27-00.37.42:676][739]LogInit: XAudio2 using 'Speakers (Realtek High Definition Audio)' : 2 channels at 48 kHz using 32 bits per sample (channel mask 0x3)
[2018.11.27-00.37.42:688][739]LogInit: FAudioDevice initialized.
[2018.11.27-00.37.42:730][739]LogLoad: Game class is 'FirstPersonGameMode_C'
[2018.11.27-00.37.42:734][739]LogWorld: Bringing World /Game/FirstPersonBP/Maps/UEDPIE_0_FirstPersonExampleMap.FirstPersonExampleMap up for play (max tick rate 0) at 2018.11.26-19.37.42
[2018.11.27-00.37.42:735][739]LogWorld: Bringing up level for play took: 0.004209
[2018.11.27-00.37.42:751][739]LogContentBrowser: Native class hierarchy updated for 'MovieSceneCapture' in 0.0003 seconds. Added 10 classes and 0 folders.
[2018.11.27-00.37.42:751][739]Cmd: PXVIS COLLISION
[2018.11.27-00.37.42:751][739]Flag set.
[2018.11.27-00.37.42:751][739]Num Actors: 56
[2018.11.27-00.37.42:751][739]Cmd: stat FPS
[2018.11.27-00.37.42:752][739]PIE: Play in editor start time for /Game/FirstPersonBP/Maps/UEDPIE_0_FirstPersonExampleMap -0.382
[2018.11.27-00.37.42:752][739]LogBlueprintUserMessages: Late PlayInEditor Detection: Level '/Game/FirstPersonBP/Maps/FirstPersonExampleMap.FirstPersonExampleMap:PersistentLevel' has LevelScriptBlueprint '/Game/FirstPersonBP/Maps/FirstPersonExampleMap.FirstPersonExampleMap:PersistentLevel.FirstPersonExampleMap' with GeneratedClass '/Game/FirstPersonBP/Maps/FirstPersonExampleMap.FirstPersonExampleMap_C' with ClassGeneratedBy '/Game/FirstPersonBP/Maps/FirstPersonExampleMap.FirstPersonExampleMap:PersistentLevel.FirstPersonExampleMap'
[2018.11.27-00.37.42:752][739]LogBlueprintUserMessages: [AutoTurret_2] 0.0
[2018.11.27-00.37.42:752][739]LogBlueprintUserMessages: [AutoTurret_2] 106.132584
[2018.11.27-00.37.42:752][739]LogBlueprintUserMessages: [AutoTurret_2] -3730.0
[2018.11.27-00.37.42:752][739]LogBlueprintUserMessages: [AutoTurret_2] -4230.0
[2018.11.27-00.37.42:752][739]LogBlueprintUserMessages: [AutoTurret_2] -11.984024
[2018.11.27-00.37.47:320][248]LogBlueprintUserMessages: [DissolveCrate_BP_5] false
[2018.11.27-00.37.49:200][460]LogBlueprintUserMessages: Early EndPlayMap Detection: Level '/Game/FirstPersonBP/Maps/FirstPersonExampleMap.FirstPersonExampleMap:PersistentLevel' has LevelScriptBlueprint '/Game/FirstPersonBP/Maps/FirstPersonExampleMap.FirstPersonExampleMap:PersistentLevel.FirstPersonExampleMap' with GeneratedClass '/Game/FirstPersonBP/Maps/FirstPersonExampleMap.FirstPersonExampleMap_C' with ClassGeneratedBy '/Game/FirstPersonBP/Maps/FirstPersonExampleMap.FirstPersonExampleMap:PersistentLevel.FirstPersonExampleMap'
[2018.11.27-00.37.49:201][460]LogSlate: Updating window title bar state: overlay mode, drag disabled, window buttons hidden, title bar hidden
[2018.11.27-00.37.49:233][460]LogPlayLevel: Display: Shutting down PIE online subsystems
[2018.11.27-00.37.49:234][460]LogBlueprintUserMessages: Late EndPlayMap Detection: Level '/Game/FirstPersonBP/Maps/FirstPersonExampleMap.FirstPersonExampleMap:PersistentLevel' has LevelScriptBlueprint '/Game/FirstPersonBP/Maps/FirstPersonExampleMap.FirstPersonExampleMap:PersistentLevel.FirstPersonExampleMap' with GeneratedClass '/Game/FirstPersonBP/Maps/FirstPersonExampleMap.FirstPersonExampleMap_C' with ClassGeneratedBy '/Game/FirstPersonBP/Maps/FirstPersonExampleMap.FirstPersonExampleMap:PersistentLevel.FirstPersonExampleMap'
[2018.11.27-00.37.49:257][460]LogSlate: Updating window title bar state: overlay mode, drag disabled, window buttons hidden, title bar hidden
[2018.11.27-00.37.49:304][463]LogPlayLevel: Display: Destroying online subsystem :Context_4
[2018.11.27-00.37.51:408][715]LogEditorViewport: Clicking on Actor (LMB): Forklift_BP_wheelClass_C (Forklift_BP_wheelClass)
[2018.11.27-00.37.52:171][803]Cmd: DELETE
[2018.11.27-00.37.52:171][803]Cmd: ACTOR DELETE
[2018.11.27-00.37.52:174][803]LogEditorActor: Deleted Actor: Forklift_BP_wheelClass_C
[2018.11.27-00.37.52:192][803]LogEditorActor: Deleted 1 Actors (0.021 secs)
[2018.11.27-00.37.53:266][931]LogSlate: FSceneViewport::OnFocusLost() reason 0
[2018.11.27-00.37.53:307][936]LogTemp: Repeating last play command: Selected Viewport
[2018.11.27-00.37.53:318][936]LogBlueprintUserMessages: Early PlayInEditor Detection: Level '/Game/FirstPersonBP/Maps/FirstPersonExampleMap.FirstPersonExampleMap:PersistentLevel' has LevelScriptBlueprint '/Game/FirstPersonBP/Maps/FirstPersonExampleMap.FirstPersonExampleMap:PersistentLevel.FirstPersonExampleMap' with GeneratedClass '/Game/FirstPersonBP/Maps/FirstPersonExampleMap.FirstPersonExampleMap_C' with ClassGeneratedBy '/Game/FirstPersonBP/Maps/FirstPersonExampleMap.FirstPersonExampleMap:PersistentLevel.FirstPersonExampleMap'
[2018.11.27-00.37.53:318][936]LogPlayLevel: PlayLevel: No blueprints needed recompiling
[2018.11.27-00.37.53:318][936]PIE: New page: PIE session: FirstPersonExampleMap (Nov 26, 2018, 2:37:53 PM)
[2018.11.27-00.37.53:318][936]LogPlayLevel: Creating play world package: /Game/FirstPersonBP/Maps/UEDPIE_0_FirstPersonExampleMap
[2018.11.27-00.37.53:333][936]LogPlayLevel: PIE: StaticDuplicateObject took: (0.014699s)
[2018.11.27-00.37.53:334][936]LogAIModule: Creating AISystem for world FirstPersonExampleMap
[2018.11.27-00.37.53:334][936]LogPlayLevel: PIE: World Init took: (0.000769s)
[2018.11.27-00.37.53:334][936]LogPlayLevel: PIE: Created PIE world by copying editor world from /Game/FirstPersonBP/Maps/FirstPersonExampleMap.FirstPersonExampleMap to /Game/FirstPersonBP/Maps/UEDPIE_0_FirstPersonExampleMap.FirstPersonExampleMap (0.015592s)
[2018.11.27-00.37.53:373][936]LogInit: XAudio2 using 'Speakers (Realtek High Definition Audio)' : 2 channels at 48 kHz using 32 bits per sample (channel mask 0x3)
[2018.11.27-00.37.53:385][936]LogInit: FAudioDevice initialized.
[2018.11.27-00.37.53:412][936]LogLoad: Game class is 'FirstPersonGameMode_C'
[2018.11.27-00.37.53:417][936]LogWorld: Bringing World /Game/FirstPersonBP/Maps/UEDPIE_0_FirstPersonExampleMap.FirstPersonExampleMap up for play (max tick rate 0) at 2018.11.26-19.37.53
[2018.11.27-00.37.53:417][936]LogWorld: Bringing up level for play took: 0.004040
[2018.11.27-00.37.53:430][936]Cmd: PXVIS COLLISION
[2018.11.27-00.37.53:430][936]Flag set.
[2018.11.27-00.37.53:430][936]Num Actors: 54
[2018.11.27-00.37.53:430][936]Cmd: stat FPS
[2018.11.27-00.37.53:430][936]PIE: Play in editor start time for /Game/FirstPersonBP/Maps/UEDPIE_0_FirstPersonExampleMap 0.296
[2018.11.27-00.37.53:430][936]LogBlueprintUserMessages: Late PlayInEditor Detection: Level '/Game/FirstPersonBP/Maps/FirstPersonExampleMap.FirstPersonExampleMap:PersistentLevel' has LevelScriptBlueprint '/Game/FirstPersonBP/Maps/FirstPersonExampleMap.FirstPersonExampleMap:PersistentLevel.FirstPersonExampleMap' with GeneratedClass '/Game/FirstPersonBP/Maps/FirstPersonExampleMap.FirstPersonExampleMap_C' with ClassGeneratedBy '/Game/FirstPersonBP/Maps/FirstPersonExampleMap.FirstPersonExampleMap:PersistentLevel.FirstPersonExampleMap'
[2018.11.27-00.37.53:430][936]LogBlueprintUserMessages: [AutoTurret_2] 0.0
[2018.11.27-00.37.53:430][936]LogBlueprintUserMessages: [AutoTurret_2] 106.132584
[2018.11.27-00.37.53:430][936]LogBlueprintUserMessages: [AutoTurret_2] -3730.0
[2018.11.27-00.37.53:430][936]LogBlueprintUserMessages: [AutoTurret_2] -4230.0
[2018.11.27-00.37.53:430][936]LogBlueprintUserMessages: [AutoTurret_2] -11.984024
[2018.11.27-00.37.57:198][363]LogBlueprintUserMessages: [DissolveCrate_BP_5] false
[2018.11.27-00.38.00:696][764]LogBlueprintUserMessages: [DissolveCrate_BP_5] true
[2018.11.27-00.38.00:696][764]LogBlueprintUserMessages: [AutoTurret_C_0] 0.0
[2018.11.27-00.38.00:696][764]LogBlueprintUserMessages: [AutoTurret_C_0] 156.132584
[2018.11.27-00.38.00:696][764]LogBlueprintUserMessages: [AutoTurret_C_0] -3730.0
[2018.11.27-00.38.00:696][764]LogBlueprintUserMessages: [AutoTurret_C_0] -4550.0
[2018.11.27-00.38.00:697][764]LogBlueprintUserMessages: [AutoTurret_C_0] -10.780394
